<?xml version="1.0" encoding="UTF-8"?>
<!-- Generated by org.testng.reporters.JUnitXMLReporter -->
<testsuite ignored="0" hostname="Kalyans-MBP" failures="0" tests="1" name="test-2" time="6.338" errors="0" timestamp="2021-09-03T12:43:36 CDT">
  <testcase classname="smoketests.SmokeTest2" name="TC002" time="0.595"/>
</testsuite> <!-- test-2 -->
