<?xml version="1.0" encoding="UTF-8"?>
<!-- Generated by org.testng.reporters.JUnitXMLReporter -->
<testsuite ignored="0" hostname="Kalyans-MBP" failures="0" tests="2" name="test-1" time="9.014" errors="0" timestamp="2021-09-03T17:49:39 CDT">
  <testcase classname="smoketests.SmokeTest2" name="TC002" time="0.477"/>
  <testcase classname="smoketests.SmokeTest1" name="TC001" time="0.723"/>
</testsuite> <!-- test-1 -->
