<?xml version="1.0" encoding="UTF-8"?>
<!-- Generated by org.testng.reporters.JUnitReportReporter -->
<testsuite hostname="DESKTOP-HBUEHQ9" failures="0" tests="1" name="Smoketest3" time="0.336" errors="0" timestamp="2021-09-06T17:00:15 CDT" skipped="0">
  <testcase classname="Smoketest3" name="radioButtonspage" time="0.336"/>
  <system-out/>
</testsuite> <!-- Smoketest3 -->
