<?xml version="1.0" encoding="UTF-8"?>
<!-- Generated by org.testng.reporters.JUnitReportReporter -->
<testsuite hostname="Kalyans-MBP" failures="0" tests="1" name="smoketests.CucumberRunnerTest" time="1.792" errors="0" timestamp="2021-09-23T20:00:41 CDT" skipped="0">
  <testcase classname="smoketests.CucumberRunnerTest" name="runScenario" time="1.792"/>
  <system-out/>
</testsuite> <!-- smoketests.CucumberRunnerTest -->
