<?xml version="1.0" encoding="UTF-8"?>
<!-- Generated by org.testng.reporters.JUnitReportReporter -->
<testsuite hostname="Kalyans-MBP" failures="0" tests="2" name="smoketests.CucumberRunnerTest" time="2.851" errors="0" timestamp="2021-09-22T20:07:58 CDT" skipped="0">
  <testcase classname="smoketests.CucumberRunnerTest" name="runScenario" time="1.871"/>
  <system-out/>
  <testcase classname="smoketests.CucumberRunnerTest" name="runScenario" time="0.980"/>
  <system-out/>
</testsuite> <!-- smoketests.CucumberRunnerTest -->
