<?xml version="1.0" encoding="UTF-8"?>
<!-- Generated by org.testng.reporters.JUnitReportReporter -->
<testsuite hostname="Kalyans-MBP" failures="0" tests="2" name="smoketests.CucumberRunnerTest" time="2.353" errors="0" timestamp="2021-09-21T19:00:23 CDT" skipped="0">
  <testcase classname="smoketests.CucumberRunnerTest" name="runScenario" time="1.521"/>
  <system-out/>
  <testcase classname="smoketests.CucumberRunnerTest" name="runScenario" time="0.832"/>
  <system-out/>
</testsuite> <!-- smoketests.CucumberRunnerTest -->
