<?xml version="1.0" encoding="UTF-8"?>
<!-- Generated by org.testng.reporters.JUnitReportReporter -->
<testsuite hostname="Kalyans-MBP" failures="0" tests="2" name="smoketests.CucumberRunnerTest" time="2.526" errors="0" timestamp="2021-09-21T19:02:22 CDT" skipped="0">
  <testcase classname="smoketests.CucumberRunnerTest" name="runScenario" time="1.711"/>
  <system-out/>
  <testcase classname="smoketests.CucumberRunnerTest" name="runScenario" time="0.815"/>
  <system-out/>
</testsuite> <!-- smoketests.CucumberRunnerTest -->
