<?xml version="1.0" encoding="UTF-8"?>
<!-- Generated by org.testng.reporters.JUnitXMLReporter -->
<testsuite ignored="0" hostname="Kalyans-MBP" failures="0" tests="0" name="test-1" time="7.836" errors="0" timestamp="2021-09-03T21:04:38 CDT">
</testsuite> <!-- test-1 -->
