<?xml version="1.0" encoding="UTF-8"?>
<!-- Generated by org.testng.reporters.JUnitXMLReporter -->
<testsuite ignored="0" hostname="Kalyans-MBP" failures="0" tests="2" name="test-2" time="8.049" errors="0" timestamp="2021-09-03T21:04:38 CDT">
  <testcase classname="smoketests.SmokeTest1" name="TC001" time="1.532"/>
  <testcase classname="smoketests.SmokeTest2" name="TC002" time="1.62"/>
</testsuite> <!-- test-2 -->
