<?xml version="1.0" encoding="UTF-8"?>
<!-- Generated by org.testng.reporters.JUnitReportReporter -->
<testsuite hostname="Kalyans-MBP" failures="0" tests="1" name="smoketests.SmokeTest1" time="1.242" errors="0" timestamp="2021-09-06T20:40:52 CDT" skipped="0">
  <testcase classname="smoketests.SmokeTest1" name="TC001" time="1.242"/>
  <system-out/>
</testsuite> <!-- smoketests.SmokeTest1 -->
