<?xml version="1.0" encoding="UTF-8"?>
<!-- Generated by org.testng.reporters.JUnitReportReporter -->
<testsuite hostname="Kalyans-MBP" failures="0" tests="1" name="smoketests.SmokeTest2" time="1.620" errors="0" timestamp="2021-09-03T21:04:39 CDT" skipped="0">
  <testcase classname="smoketests.SmokeTest2" name="TC002" time="1.620"/>
  <system-out/>
</testsuite> <!-- smoketests.SmokeTest2 -->
